#-----------------------------------------------------------
# Vivado v2022.1 (64-bit)
# SW Build 3526262 on Mon Apr 18 15:48:16 MDT 2022
# IP Build 3524634 on Mon Apr 18 20:55:01 MDT 2022
# Start of session at: Mon Jun 27 19:43:17 2022
# Process ID: 22088
# Current directory: C:/Users/jules/Desktop/Travail/VHDL_Master_Camp/project_David-fpga
# Command line: vivado.exe -gui_launcher_event rodinguilauncherevent27568 C:\Users\jules\Desktop\Travail\VHDL_Master_Camp\project_David-fpga\project_David-fpga.xpr
# Log file: C:/Users/jules/Desktop/Travail/VHDL_Master_Camp/project_David-fpga/vivado.log
# Journal file: C:/Users/jules/Desktop/Travail/VHDL_Master_Camp/project_David-fpga\vivado.jou
# Running On: MSI, OS: Windows, CPU Frequency: 2592 MHz, CPU Physical cores: 6, Host memory: 16991 MB
#-----------------------------------------------------------
start_gui
open_project C:/Users/jules/Desktop/Travail/VHDL_Master_Camp/project_David-fpga/project_David-fpga.xpr
WARNING: [Board 49-26] cannot add Board Part xilinx.com:vpk120_es:part0:1.2 available at D:/Vivado/2022.1/data/xhub/boards/XilinxBoardStore/boards/Xilinx/vpk120/es/1.2/board.xml as part xcvp1202-vsva2785-2mp-e-s-es1 specified in board_part file is either invalid or not available
WARNING: [Board 49-26] cannot add Board Part xilinx.com:vpk120_es_revb:part0:1.0 available at D:/Vivado/2022.1/data/xhub/boards/XilinxBoardStore/boards/Xilinx/vpk120_revb/es/1.0/board.xml as part xcvp1202-vsva2785-2mp-e-s-es1 specified in board_part file is either invalid or not available
WARNING: [Board 49-26] cannot add Board Part xilinx.com:zcu208ld:part0:2.0 available at D:/Vivado/2022.1/data/xhub/boards/XilinxBoardStore/boards/Xilinx/zcu208ld/production/2.0/board.xml as part xczu58dr-fsvg1517-2-i specified in board_part file is either invalid or not available
WARNING: [Board 49-26] cannot add Board Part xilinx.com:zcu216ld:part0:2.0 available at D:/Vivado/2022.1/data/xhub/boards/XilinxBoardStore/boards/Xilinx/zcu216ld/production/2.0/board.xml as part xczu59dr-ffvf1760-2-i specified in board_part file is either invalid or not available
WARNING: [Board 49-26] cannot add Board Part xilinx.com:zcu670:part0:2.0 available at D:/Vivado/2022.1/data/xhub/boards/XilinxBoardStore/boards/Xilinx/zcu670/2.0/board.xml as part xczu67dr-fsve1156-2-i specified in board_part file is either invalid or not available
WARNING: [Board 49-26] cannot add Board Part xilinx.com:zcu670ld:part0:1.0 available at D:/Vivado/2022.1/data/xhub/boards/XilinxBoardStore/boards/Xilinx/zcu670ld/1.0/board.xml as part xczu57dr-fsve1156-2-i specified in board_part file is either invalid or not available
INFO: [Project 1-313] Project file moved from 'C:/Users/jules/Desktop/project_David-fpga' since last save.
INFO: [filemgmt 56-2] Default IP Output Path : Could not find the directory 'C:/Users/jules/Desktop/Travail/VHDL_Master_Camp/project_David-fpga/project_David-fpga.gen/sources_1', nor could it be found using path 'C:/Users/jules/Desktop/project_David-fpga/project_David-fpga.gen/sources_1'.
WARNING: [Project 1-312] File not found as 'C:/Users/jules/Desktop/Travail/Downloads/Microb-IOT-dev_fpga/Microb-IOT-dev_fpga/PIRSensor.vhd'; using path 'C:/Users/jules/Downloads/Microb-IOT-dev_fpga/Microb-IOT-dev_fpga/PIRSensor.vhd' instead.
WARNING: [Project 1-312] File not found as 'C:/Users/jules/Desktop/Travail/Downloads/Microb-IOT-dev_fpga/Microb-IOT-dev_fpga/counter.vhd'; using path 'C:/Users/jules/Downloads/Microb-IOT-dev_fpga/Microb-IOT-dev_fpga/counter.vhd' instead.
WARNING: [Project 1-312] File not found as 'C:/Users/jules/Desktop/Travail/Downloads/Microb-IOT-dev_fpga/Microb-IOT-dev_fpga/PIRSensorTestbench.vhd'; using path 'C:/Users/jules/Downloads/Microb-IOT-dev_fpga/Microb-IOT-dev_fpga/PIRSensorTestbench.vhd' instead.
WARNING: [Project 1-312] File not found as 'C:/Users/jules/Desktop/Travail/Downloads/Microb-IOT-dev_fpga/Microb-IOT-dev_fpga/counter_testbench.vhd'; using path 'C:/Users/jules/Downloads/Microb-IOT-dev_fpga/Microb-IOT-dev_fpga/counter_testbench.vhd' instead.
Scanning sources...
Finished scanning sources
INFO: [IP_Flow 19-234] Refreshing IP repositories
INFO: [IP_Flow 19-1704] No user IP repositories specified
INFO: [IP_Flow 19-2313] Loaded Vivado IP repository 'D:/Vivado/2022.1/data/ip'.
open_project: Time (s): cpu = 00:00:18 ; elapsed = 00:00:26 . Memory (MB): peak = 1592.512 ; gain = 0.000
update_compile_order -fileset sources_1
