#-----------------------------------------------------------
# Vivado v2022.1 (64-bit)
# SW Build 3526262 on Mon Apr 18 15:48:16 MDT 2022
# IP Build 3524634 on Mon Apr 18 20:55:01 MDT 2022
# Start of session at: Wed Jul  6 11:20:39 2022
# Process ID: 10452
# Current directory: C:/Users/jules/Desktop/Travail/VHDL_Master_Camp/ProjetMicJulesSynth
# Command line: vivado.exe -gui_launcher_event rodinguilauncherevent17764 C:\Users\jules\Desktop\Travail\VHDL_Master_Camp\ProjetMicJulesSynth\ProjetMicJulesSynth.xpr
# Log file: C:/Users/jules/Desktop/Travail/VHDL_Master_Camp/ProjetMicJulesSynth/vivado.log
# Journal file: C:/Users/jules/Desktop/Travail/VHDL_Master_Camp/ProjetMicJulesSynth\vivado.jou
# Running On: MSI, OS: Windows, CPU Frequency: 2592 MHz, CPU Physical cores: 6, Host memory: 16991 MB
#-----------------------------------------------------------
start_gui
open_project C:/Users/jules/Desktop/Travail/VHDL_Master_Camp/ProjetMicJulesSynth/ProjetMicJulesSynth.xpr
WARNING: [Board 49-26] cannot add Board Part xilinx.com:vpk120_es:part0:1.2 available at D:/Vivado/2022.1/data/xhub/boards/XilinxBoardStore/boards/Xilinx/vpk120/es/1.2/board.xml as part xcvp1202-vsva2785-2mp-e-s-es1 specified in board_part file is either invalid or not available
WARNING: [Board 49-26] cannot add Board Part xilinx.com:vpk120_es_revb:part0:1.0 available at D:/Vivado/2022.1/data/xhub/boards/XilinxBoardStore/boards/Xilinx/vpk120_revb/es/1.0/board.xml as part xcvp1202-vsva2785-2mp-e-s-es1 specified in board_part file is either invalid or not available
WARNING: [Board 49-26] cannot add Board Part xilinx.com:zcu208ld:part0:2.0 available at D:/Vivado/2022.1/data/xhub/boards/XilinxBoardStore/boards/Xilinx/zcu208ld/production/2.0/board.xml as part xczu58dr-fsvg1517-2-i specified in board_part file is either invalid or not available
WARNING: [Board 49-26] cannot add Board Part xilinx.com:zcu216ld:part0:2.0 available at D:/Vivado/2022.1/data/xhub/boards/XilinxBoardStore/boards/Xilinx/zcu216ld/production/2.0/board.xml as part xczu59dr-ffvf1760-2-i specified in board_part file is either invalid or not available
WARNING: [Board 49-26] cannot add Board Part xilinx.com:zcu670:part0:2.0 available at D:/Vivado/2022.1/data/xhub/boards/XilinxBoardStore/boards/Xilinx/zcu670/2.0/board.xml as part xczu67dr-fsve1156-2-i specified in board_part file is either invalid or not available
WARNING: [Board 49-26] cannot add Board Part xilinx.com:zcu670ld:part0:1.0 available at D:/Vivado/2022.1/data/xhub/boards/XilinxBoardStore/boards/Xilinx/zcu670ld/1.0/board.xml as part xczu57dr-fsve1156-2-i specified in board_part file is either invalid or not available
INFO: [Project 1-313] Project file moved from 'C:/Users/jules/Desktop/Travail/VHDL_Master_Camp/project_David-fpga' since last save.
INFO: [filemgmt 56-2] Default IP Output Path : Could not find the directory 'C:/Users/jules/Desktop/Travail/VHDL_Master_Camp/ProjetMicJulesSynth/ProjetMicJulesSynth.gen/sources_1', nor could it be found using path 'C:/Users/jules/Desktop/Travail/VHDL_Master_Camp/project_David-fpga/project_David-fpga.gen/sources_1'.
WARNING: [Project 1-312] File not found as 'C:/Users/jules/Desktop/Travail/VHDL_Master_Camp/ProjetMicJulesSynth/ProjetMicJulesSynth.srcs/sources_1/new/Buzzer.vhd'; using path 'C:/Users/jules/Desktop/Travail/VHDL_Master_Camp/project_David-fpga/project_David-fpga.srcs/sources_1/new/Buzzer.vhd' instead.
WARNING: [Project 1-312] File not found as 'C:/Users/jules/Desktop/Travail/VHDL_Master_Camp/ProjetMicJulesSynth/ProjetMicJulesSynth.srcs/sources_1/new/ControlAlgo.vhd'; using path 'C:/Users/jules/Desktop/Travail/VHDL_Master_Camp/project_David-fpga/project_David-fpga.srcs/sources_1/new/ControlAlgo.vhd' instead.
WARNING: [Project 1-312] File not found as 'C:/Users/jules/Desktop/Travail/VHDL_Master_Camp/ProjetMicJulesSynth/ProjetMicJulesSynth.srcs/sources_1/imports/new/PIRSensor.vhd'; using path 'C:/Users/jules/Desktop/Travail/VHDL_Master_Camp/project_David-fpga/project_David-fpga.srcs/sources_1/imports/new/PIRSensor.vhd' instead.
WARNING: [Project 1-312] File not found as 'C:/Users/jules/Desktop/Travail/VHDL_Master_Camp/ProjetMicJulesSynth/ProjetMicJulesSynth.srcs/sources_1/new/TestLedCpnt.vhd'; using path 'C:/Users/jules/Desktop/Travail/VHDL_Master_Camp/project_David-fpga/project_David-fpga.srcs/sources_1/new/TestLedCpnt.vhd' instead.
WARNING: [Project 1-312] File not found as 'C:/Users/jules/Desktop/Travail/VHDL_Master_Camp/ProjetMicJulesSynth/ProjetMicJulesSynth.srcs/sources_1/imports/new/UART_RX.vhd'; using path 'C:/Users/jules/Desktop/Travail/VHDL_Master_Camp/project_David-fpga/project_David-fpga.srcs/sources_1/imports/new/UART_RX.vhd' instead.
WARNING: [Project 1-312] File not found as 'C:/Users/jules/Desktop/Travail/VHDL_Master_Camp/ProjetMicJulesSynth/ProjetMicJulesSynth.srcs/sources_1/imports/new/UART_SCOM.vhd'; using path 'C:/Users/jules/Desktop/Travail/VHDL_Master_Camp/project_David-fpga/project_David-fpga.srcs/sources_1/imports/new/UART_SCOM.vhd' instead.
WARNING: [Project 1-312] File not found as 'C:/Users/jules/Desktop/Travail/VHDL_Master_Camp/ProjetMicJulesSynth/ProjetMicJulesSynth.srcs/sources_1/imports/new/UART_TX.vhd'; using path 'C:/Users/jules/Desktop/Travail/VHDL_Master_Camp/project_David-fpga/project_David-fpga.srcs/sources_1/imports/new/UART_TX.vhd' instead.
WARNING: [Project 1-312] File not found as 'C:/Users/jules/Desktop/Travail/VHDL_Master_Camp/ProjetMicJulesSynth/ProjetMicJulesSynth.srcs/sources_1/imports/new/byte_gen.vhd'; using path 'C:/Users/jules/Desktop/Travail/VHDL_Master_Camp/project_David-fpga/project_David-fpga.srcs/sources_1/imports/new/byte_gen.vhd' instead.
WARNING: [Project 1-312] File not found as 'C:/Users/jules/Desktop/Travail/VHDL_Master_Camp/ProjetMicJulesSynth/ProjetMicJulesSynth.srcs/sources_1/imports/new/counter.vhd'; using path 'C:/Users/jules/Desktop/Travail/VHDL_Master_Camp/project_David-fpga/project_David-fpga.srcs/sources_1/imports/new/counter.vhd' instead.
WARNING: [Project 1-312] File not found as 'C:/Users/jules/Desktop/Travail/VHDL_Master_Camp/ProjetMicJulesSynth/ProjetMicJulesSynth.srcs/sources_1/imports/new/freq_div.vhd'; using path 'C:/Users/jules/Desktop/Travail/VHDL_Master_Camp/project_David-fpga/project_David-fpga.srcs/sources_1/imports/new/freq_div.vhd' instead.
WARNING: [Project 1-312] File not found as 'C:/Users/jules/Desktop/Travail/VHDL_Master_Camp/ProjetMicJulesSynth/ProjetMicJulesSynth.srcs/sources_1/imports/new/id_code_gen.vhd'; using path 'C:/Users/jules/Desktop/Travail/VHDL_Master_Camp/project_David-fpga/project_David-fpga.srcs/sources_1/imports/new/id_code_gen.vhd' instead.
WARNING: [Project 1-312] File not found as 'C:/Users/jules/Desktop/Travail/VHDL_Master_Camp/ProjetMicJulesSynth/ProjetMicJulesSynth.srcs/sources_1/new/TopLevelControlAlgo.vhd'; using path 'C:/Users/jules/Desktop/Travail/VHDL_Master_Camp/project_David-fpga/project_David-fpga.srcs/sources_1/new/TopLevelControlAlgo.vhd' instead.
WARNING: [Project 1-312] File not found as 'C:/Users/jules/Desktop/Travail/VHDL_Master_Camp/ProjetMicJulesSynth/ProjetMicJulesSynth.srcs/sources_1/imports/new/RGB.vhd'; using path 'C:/Users/jules/Desktop/Travail/VHDL_Master_Camp/project_David-fpga/project_David-fpga.srcs/sources_1/imports/new/RGB.vhd' instead.
WARNING: [Project 1-312] File not found as 'C:/Users/jules/Desktop/Travail/VHDL_Master_Camp/ProjetMicJulesSynth/ProjetMicJulesSynth.srcs/sources_1/imports/new/address_Generator.vhd'; using path 'C:/Users/jules/Desktop/Travail/VHDL_Master_Camp/project_David-fpga/project_David-fpga.srcs/sources_1/imports/new/address_Generator.vhd' instead.
WARNING: [Project 1-312] File not found as 'C:/Users/jules/Desktop/Travail/VHDL_Master_Camp/ProjetMicJulesSynth/ProjetMicJulesSynth.srcs/sources_1/imports/new/clocking.vhd'; using path 'C:/Users/jules/Desktop/Travail/VHDL_Master_Camp/project_David-fpga/project_David-fpga.srcs/sources_1/imports/new/clocking.vhd' instead.
WARNING: [Project 1-312] File not found as 'C:/Users/jules/Desktop/Travail/VHDL_Master_Camp/ProjetMicJulesSynth/ProjetMicJulesSynth.srcs/sources_1/imports/new/debounce.vhd'; using path 'C:/Users/jules/Desktop/Travail/VHDL_Master_Camp/project_David-fpga/project_David-fpga.srcs/sources_1/imports/new/debounce.vhd' instead.
WARNING: [Project 1-312] File not found as 'C:/Users/jules/Desktop/Travail/VHDL_Master_Camp/ProjetMicJulesSynth/ProjetMicJulesSynth.srcs/sources_1/imports/new/i2c_sender.vhd'; using path 'C:/Users/jules/Desktop/Travail/VHDL_Master_Camp/project_David-fpga/project_David-fpga.srcs/sources_1/imports/new/i2c_sender.vhd' instead.
WARNING: [Project 1-312] File not found as 'C:/Users/jules/Desktop/Travail/VHDL_Master_Camp/ProjetMicJulesSynth/ProjetMicJulesSynth.srcs/sources_1/imports/new/ov7670_capture.vhd'; using path 'C:/Users/jules/Desktop/Travail/VHDL_Master_Camp/project_David-fpga/project_David-fpga.srcs/sources_1/imports/new/ov7670_capture.vhd' instead.
WARNING: [Project 1-312] File not found as 'C:/Users/jules/Desktop/Travail/VHDL_Master_Camp/ProjetMicJulesSynth/ProjetMicJulesSynth.srcs/sources_1/imports/new/ov7670_controller.vhd'; using path 'C:/Users/jules/Desktop/Travail/VHDL_Master_Camp/project_David-fpga/project_David-fpga.srcs/sources_1/imports/new/ov7670_controller.vhd' instead.
WARNING: [Project 1-312] File not found as 'C:/Users/jules/Desktop/Travail/VHDL_Master_Camp/ProjetMicJulesSynth/ProjetMicJulesSynth.srcs/sources_1/imports/new/ov7670_registers.vhd'; using path 'C:/Users/jules/Desktop/Travail/VHDL_Master_Camp/project_David-fpga/project_David-fpga.srcs/sources_1/imports/new/ov7670_registers.vhd' instead.
WARNING: [Project 1-312] File not found as 'C:/Users/jules/Desktop/Travail/VHDL_Master_Camp/ProjetMicJulesSynth/ProjetMicJulesSynth.srcs/sources_1/imports/new/vga.vhd'; using path 'C:/Users/jules/Desktop/Travail/VHDL_Master_Camp/project_David-fpga/project_David-fpga.srcs/sources_1/imports/new/vga.vhd' instead.
WARNING: [Project 1-312] File not found as 'C:/Users/jules/Desktop/Travail/VHDL_Master_Camp/ProjetMicJulesSynth/ProjetMicJulesSynth.srcs/sources_1/imports/new/top_level.vhd'; using path 'C:/Users/jules/Desktop/Travail/VHDL_Master_Camp/project_David-fpga/project_David-fpga.srcs/sources_1/imports/new/top_level.vhd' instead.
WARNING: [Project 1-312] File not found as 'C:/Users/jules/Desktop/Travail/VHDL_Master_Camp/ProjetMicJulesSynth/ProjetMicJulesSynth.srcs/sources_1/imports/new/i3c2.vhd'; using path 'C:/Users/jules/Desktop/Travail/VHDL_Master_Camp/project_David-fpga/project_David-fpga.srcs/sources_1/imports/new/i3c2.vhd' instead.
WARNING: [Project 1-312] File not found as 'C:/Users/jules/Desktop/Travail/VHDL_Master_Camp/ProjetMicJulesSynth/ProjetMicJulesSynth.srcs/sim_1/new/TopLevelAlgoTestbench.vhd'; using path 'C:/Users/jules/Desktop/Travail/VHDL_Master_Camp/project_David-fpga/project_David-fpga.srcs/sim_1/new/TopLevelAlgoTestbench.vhd' instead.
WARNING: [Project 1-312] File not found as 'C:/Users/jules/Desktop/Travail/VHDL_Master_Camp/ProjetMicJulesSynth/ProjetMicJulesSynth.srcs/sim_1/new/ControlAlgo_testbench.vhd'; using path 'C:/Users/jules/Desktop/Travail/VHDL_Master_Camp/project_David-fpga/project_David-fpga.srcs/sim_1/new/ControlAlgo_testbench.vhd' instead.
WARNING: [Project 1-312] File not found as 'C:/Users/jules/Desktop/Travail/VHDL_Master_Camp/ProjetMicJulesSynth/ProjetMicJulesSynth.srcs/sim_1/new/Buzzer_testbench.vhd'; using path 'C:/Users/jules/Desktop/Travail/VHDL_Master_Camp/project_David-fpga/project_David-fpga.srcs/sim_1/new/Buzzer_testbench.vhd' instead.
Scanning sources...
Finished scanning sources
WARNING: [Project 1-312] File not found as 'C:/Users/jules/Desktop/Travail/VHDL_Master_Camp/ProjetMicJulesSynth/ProjetMicJulesSynth.srcs/sources_1/new/Buzzer.vhd'; using path 'C:/Users/jules/Desktop/Travail/VHDL_Master_Camp/project_David-fpga/project_David-fpga.srcs/sources_1/new/Buzzer.vhd' instead.
WARNING: [Project 1-312] File not found as 'C:/Users/jules/Desktop/Travail/VHDL_Master_Camp/ProjetMicJulesSynth/ProjetMicJulesSynth.srcs/sources_1/new/ControlAlgo.vhd'; using path 'C:/Users/jules/Desktop/Travail/VHDL_Master_Camp/project_David-fpga/project_David-fpga.srcs/sources_1/new/ControlAlgo.vhd' instead.
WARNING: [Project 1-312] File not found as 'C:/Users/jules/Desktop/Travail/VHDL_Master_Camp/ProjetMicJulesSynth/ProjetMicJulesSynth.srcs/sources_1/imports/new/PIRSensor.vhd'; using path 'C:/Users/jules/Desktop/Travail/VHDL_Master_Camp/project_David-fpga/project_David-fpga.srcs/sources_1/imports/new/PIRSensor.vhd' instead.
WARNING: [Project 1-312] File not found as 'C:/Users/jules/Desktop/Travail/VHDL_Master_Camp/ProjetMicJulesSynth/ProjetMicJulesSynth.srcs/sources_1/new/TestLedCpnt.vhd'; using path 'C:/Users/jules/Desktop/Travail/VHDL_Master_Camp/project_David-fpga/project_David-fpga.srcs/sources_1/new/TestLedCpnt.vhd' instead.
WARNING: [Project 1-312] File not found as 'C:/Users/jules/Desktop/Travail/VHDL_Master_Camp/ProjetMicJulesSynth/ProjetMicJulesSynth.srcs/sources_1/imports/new/UART_RX.vhd'; using path 'C:/Users/jules/Desktop/Travail/VHDL_Master_Camp/project_David-fpga/project_David-fpga.srcs/sources_1/imports/new/UART_RX.vhd' instead.
WARNING: [Project 1-312] File not found as 'C:/Users/jules/Desktop/Travail/VHDL_Master_Camp/ProjetMicJulesSynth/ProjetMicJulesSynth.srcs/sources_1/imports/new/UART_SCOM.vhd'; using path 'C:/Users/jules/Desktop/Travail/VHDL_Master_Camp/project_David-fpga/project_David-fpga.srcs/sources_1/imports/new/UART_SCOM.vhd' instead.
WARNING: [Project 1-312] File not found as 'C:/Users/jules/Desktop/Travail/VHDL_Master_Camp/ProjetMicJulesSynth/ProjetMicJulesSynth.srcs/sources_1/imports/new/UART_TX.vhd'; using path 'C:/Users/jules/Desktop/Travail/VHDL_Master_Camp/project_David-fpga/project_David-fpga.srcs/sources_1/imports/new/UART_TX.vhd' instead.
WARNING: [Project 1-312] File not found as 'C:/Users/jules/Desktop/Travail/VHDL_Master_Camp/ProjetMicJulesSynth/ProjetMicJulesSynth.srcs/sources_1/imports/new/byte_gen.vhd'; using path 'C:/Users/jules/Desktop/Travail/VHDL_Master_Camp/project_David-fpga/project_David-fpga.srcs/sources_1/imports/new/byte_gen.vhd' instead.
WARNING: [Project 1-312] File not found as 'C:/Users/jules/Desktop/Travail/VHDL_Master_Camp/ProjetMicJulesSynth/ProjetMicJulesSynth.srcs/sources_1/imports/new/counter.vhd'; using path 'C:/Users/jules/Desktop/Travail/VHDL_Master_Camp/project_David-fpga/project_David-fpga.srcs/sources_1/imports/new/counter.vhd' instead.
WARNING: [Project 1-312] File not found as 'C:/Users/jules/Desktop/Travail/VHDL_Master_Camp/ProjetMicJulesSynth/ProjetMicJulesSynth.srcs/sources_1/imports/new/freq_div.vhd'; using path 'C:/Users/jules/Desktop/Travail/VHDL_Master_Camp/project_David-fpga/project_David-fpga.srcs/sources_1/imports/new/freq_div.vhd' instead.
WARNING: [Project 1-312] File not found as 'C:/Users/jules/Desktop/Travail/VHDL_Master_Camp/ProjetMicJulesSynth/ProjetMicJulesSynth.srcs/sources_1/imports/new/id_code_gen.vhd'; using path 'C:/Users/jules/Desktop/Travail/VHDL_Master_Camp/project_David-fpga/project_David-fpga.srcs/sources_1/imports/new/id_code_gen.vhd' instead.
WARNING: [Project 1-312] File not found as 'C:/Users/jules/Desktop/Travail/VHDL_Master_Camp/ProjetMicJulesSynth/ProjetMicJulesSynth.srcs/sources_1/new/TopLevelControlAlgo.vhd'; using path 'C:/Users/jules/Desktop/Travail/VHDL_Master_Camp/project_David-fpga/project_David-fpga.srcs/sources_1/new/TopLevelControlAlgo.vhd' instead.
WARNING: [Project 1-312] File not found as 'C:/Users/jules/Desktop/Travail/VHDL_Master_Camp/ProjetMicJulesSynth/ProjetMicJulesSynth.srcs/sources_1/imports/new/RGB.vhd'; using path 'C:/Users/jules/Desktop/Travail/VHDL_Master_Camp/project_David-fpga/project_David-fpga.srcs/sources_1/imports/new/RGB.vhd' instead.
WARNING: [Project 1-312] File not found as 'C:/Users/jules/Desktop/Travail/VHDL_Master_Camp/ProjetMicJulesSynth/ProjetMicJulesSynth.srcs/sources_1/imports/new/address_Generator.vhd'; using path 'C:/Users/jules/Desktop/Travail/VHDL_Master_Camp/project_David-fpga/project_David-fpga.srcs/sources_1/imports/new/address_Generator.vhd' instead.
WARNING: [Project 1-312] File not found as 'C:/Users/jules/Desktop/Travail/VHDL_Master_Camp/ProjetMicJulesSynth/ProjetMicJulesSynth.srcs/sources_1/imports/new/clocking.vhd'; using path 'C:/Users/jules/Desktop/Travail/VHDL_Master_Camp/project_David-fpga/project_David-fpga.srcs/sources_1/imports/new/clocking.vhd' instead.
WARNING: [Project 1-312] File not found as 'C:/Users/jules/Desktop/Travail/VHDL_Master_Camp/ProjetMicJulesSynth/ProjetMicJulesSynth.srcs/sources_1/imports/new/debounce.vhd'; using path 'C:/Users/jules/Desktop/Travail/VHDL_Master_Camp/project_David-fpga/project_David-fpga.srcs/sources_1/imports/new/debounce.vhd' instead.
WARNING: [Project 1-312] File not found as 'C:/Users/jules/Desktop/Travail/VHDL_Master_Camp/ProjetMicJulesSynth/ProjetMicJulesSynth.srcs/sources_1/imports/new/i2c_sender.vhd'; using path 'C:/Users/jules/Desktop/Travail/VHDL_Master_Camp/project_David-fpga/project_David-fpga.srcs/sources_1/imports/new/i2c_sender.vhd' instead.
WARNING: [Project 1-312] File not found as 'C:/Users/jules/Desktop/Travail/VHDL_Master_Camp/ProjetMicJulesSynth/ProjetMicJulesSynth.srcs/sources_1/imports/new/ov7670_capture.vhd'; using path 'C:/Users/jules/Desktop/Travail/VHDL_Master_Camp/project_David-fpga/project_David-fpga.srcs/sources_1/imports/new/ov7670_capture.vhd' instead.
WARNING: [Project 1-312] File not found as 'C:/Users/jules/Desktop/Travail/VHDL_Master_Camp/ProjetMicJulesSynth/ProjetMicJulesSynth.srcs/sources_1/imports/new/ov7670_controller.vhd'; using path 'C:/Users/jules/Desktop/Travail/VHDL_Master_Camp/project_David-fpga/project_David-fpga.srcs/sources_1/imports/new/ov7670_controller.vhd' instead.
WARNING: [Project 1-312] File not found as 'C:/Users/jules/Desktop/Travail/VHDL_Master_Camp/ProjetMicJulesSynth/ProjetMicJulesSynth.srcs/sources_1/imports/new/ov7670_registers.vhd'; using path 'C:/Users/jules/Desktop/Travail/VHDL_Master_Camp/project_David-fpga/project_David-fpga.srcs/sources_1/imports/new/ov7670_registers.vhd' instead.
WARNING: [Project 1-312] File not found as 'C:/Users/jules/Desktop/Travail/VHDL_Master_Camp/ProjetMicJulesSynth/ProjetMicJulesSynth.srcs/sources_1/imports/new/vga.vhd'; using path 'C:/Users/jules/Desktop/Travail/VHDL_Master_Camp/project_David-fpga/project_David-fpga.srcs/sources_1/imports/new/vga.vhd' instead.
WARNING: [Project 1-312] File not found as 'C:/Users/jules/Desktop/Travail/VHDL_Master_Camp/ProjetMicJulesSynth/ProjetMicJulesSynth.srcs/sources_1/imports/new/top_level.vhd'; using path 'C:/Users/jules/Desktop/Travail/VHDL_Master_Camp/project_David-fpga/project_David-fpga.srcs/sources_1/imports/new/top_level.vhd' instead.
WARNING: [Project 1-312] File not found as 'C:/Users/jules/Desktop/Travail/VHDL_Master_Camp/ProjetMicJulesSynth/ProjetMicJulesSynth.srcs/sources_1/imports/new/i3c2.vhd'; using path 'C:/Users/jules/Desktop/Travail/VHDL_Master_Camp/project_David-fpga/project_David-fpga.srcs/sources_1/imports/new/i3c2.vhd' instead.
WARNING: [Project 1-312] File not found as 'C:/Users/jules/Desktop/Travail/VHDL_Master_Camp/ProjetMicJulesSynth/ProjetMicJulesSynth.srcs/sources_1/new/Buzzer.vhd'; using path 'C:/Users/jules/Desktop/Travail/VHDL_Master_Camp/project_David-fpga/project_David-fpga.srcs/sources_1/new/Buzzer.vhd' instead.
WARNING: [Project 1-312] File not found as 'C:/Users/jules/Desktop/Travail/VHDL_Master_Camp/ProjetMicJulesSynth/ProjetMicJulesSynth.srcs/sources_1/new/ControlAlgo.vhd'; using path 'C:/Users/jules/Desktop/Travail/VHDL_Master_Camp/project_David-fpga/project_David-fpga.srcs/sources_1/new/ControlAlgo.vhd' instead.
WARNING: [Project 1-312] File not found as 'C:/Users/jules/Desktop/Travail/VHDL_Master_Camp/ProjetMicJulesSynth/ProjetMicJulesSynth.srcs/sources_1/imports/new/PIRSensor.vhd'; using path 'C:/Users/jules/Desktop/Travail/VHDL_Master_Camp/project_David-fpga/project_David-fpga.srcs/sources_1/imports/new/PIRSensor.vhd' instead.
WARNING: [Project 1-312] File not found as 'C:/Users/jules/Desktop/Travail/VHDL_Master_Camp/ProjetMicJulesSynth/ProjetMicJulesSynth.srcs/sources_1/new/TestLedCpnt.vhd'; using path 'C:/Users/jules/Desktop/Travail/VHDL_Master_Camp/project_David-fpga/project_David-fpga.srcs/sources_1/new/TestLedCpnt.vhd' instead.
WARNING: [Project 1-312] File not found as 'C:/Users/jules/Desktop/Travail/VHDL_Master_Camp/ProjetMicJulesSynth/ProjetMicJulesSynth.srcs/sources_1/imports/new/UART_RX.vhd'; using path 'C:/Users/jules/Desktop/Travail/VHDL_Master_Camp/project_David-fpga/project_David-fpga.srcs/sources_1/imports/new/UART_RX.vhd' instead.
WARNING: [Project 1-312] File not found as 'C:/Users/jules/Desktop/Travail/VHDL_Master_Camp/ProjetMicJulesSynth/ProjetMicJulesSynth.srcs/sources_1/imports/new/UART_SCOM.vhd'; using path 'C:/Users/jules/Desktop/Travail/VHDL_Master_Camp/project_David-fpga/project_David-fpga.srcs/sources_1/imports/new/UART_SCOM.vhd' instead.
WARNING: [Project 1-312] File not found as 'C:/Users/jules/Desktop/Travail/VHDL_Master_Camp/ProjetMicJulesSynth/ProjetMicJulesSynth.srcs/sources_1/imports/new/UART_TX.vhd'; using path 'C:/Users/jules/Desktop/Travail/VHDL_Master_Camp/project_David-fpga/project_David-fpga.srcs/sources_1/imports/new/UART_TX.vhd' instead.
WARNING: [Project 1-312] File not found as 'C:/Users/jules/Desktop/Travail/VHDL_Master_Camp/ProjetMicJulesSynth/ProjetMicJulesSynth.srcs/sources_1/imports/new/byte_gen.vhd'; using path 'C:/Users/jules/Desktop/Travail/VHDL_Master_Camp/project_David-fpga/project_David-fpga.srcs/sources_1/imports/new/byte_gen.vhd' instead.
WARNING: [Project 1-312] File not found as 'C:/Users/jules/Desktop/Travail/VHDL_Master_Camp/ProjetMicJulesSynth/ProjetMicJulesSynth.srcs/sources_1/imports/new/counter.vhd'; using path 'C:/Users/jules/Desktop/Travail/VHDL_Master_Camp/project_David-fpga/project_David-fpga.srcs/sources_1/imports/new/counter.vhd' instead.
WARNING: [Project 1-312] File not found as 'C:/Users/jules/Desktop/Travail/VHDL_Master_Camp/ProjetMicJulesSynth/ProjetMicJulesSynth.srcs/sources_1/imports/new/freq_div.vhd'; using path 'C:/Users/jules/Desktop/Travail/VHDL_Master_Camp/project_David-fpga/project_David-fpga.srcs/sources_1/imports/new/freq_div.vhd' instead.
WARNING: [Project 1-312] File not found as 'C:/Users/jules/Desktop/Travail/VHDL_Master_Camp/ProjetMicJulesSynth/ProjetMicJulesSynth.srcs/sources_1/imports/new/id_code_gen.vhd'; using path 'C:/Users/jules/Desktop/Travail/VHDL_Master_Camp/project_David-fpga/project_David-fpga.srcs/sources_1/imports/new/id_code_gen.vhd' instead.
WARNING: [Project 1-312] File not found as 'C:/Users/jules/Desktop/Travail/VHDL_Master_Camp/ProjetMicJulesSynth/ProjetMicJulesSynth.srcs/sources_1/new/TopLevelControlAlgo.vhd'; using path 'C:/Users/jules/Desktop/Travail/VHDL_Master_Camp/project_David-fpga/project_David-fpga.srcs/sources_1/new/TopLevelControlAlgo.vhd' instead.
WARNING: [Project 1-312] File not found as 'C:/Users/jules/Desktop/Travail/VHDL_Master_Camp/ProjetMicJulesSynth/ProjetMicJulesSynth.srcs/sources_1/imports/new/RGB.vhd'; using path 'C:/Users/jules/Desktop/Travail/VHDL_Master_Camp/project_David-fpga/project_David-fpga.srcs/sources_1/imports/new/RGB.vhd' instead.
WARNING: [Project 1-312] File not found as 'C:/Users/jules/Desktop/Travail/VHDL_Master_Camp/ProjetMicJulesSynth/ProjetMicJulesSynth.srcs/sources_1/imports/new/address_Generator.vhd'; using path 'C:/Users/jules/Desktop/Travail/VHDL_Master_Camp/project_David-fpga/project_David-fpga.srcs/sources_1/imports/new/address_Generator.vhd' instead.
WARNING: [Project 1-312] File not found as 'C:/Users/jules/Desktop/Travail/VHDL_Master_Camp/ProjetMicJulesSynth/ProjetMicJulesSynth.srcs/sources_1/imports/new/clocking.vhd'; using path 'C:/Users/jules/Desktop/Travail/VHDL_Master_Camp/project_David-fpga/project_David-fpga.srcs/sources_1/imports/new/clocking.vhd' instead.
WARNING: [Project 1-312] File not found as 'C:/Users/jules/Desktop/Travail/VHDL_Master_Camp/ProjetMicJulesSynth/ProjetMicJulesSynth.srcs/sources_1/imports/new/debounce.vhd'; using path 'C:/Users/jules/Desktop/Travail/VHDL_Master_Camp/project_David-fpga/project_David-fpga.srcs/sources_1/imports/new/debounce.vhd' instead.
WARNING: [Project 1-312] File not found as 'C:/Users/jules/Desktop/Travail/VHDL_Master_Camp/ProjetMicJulesSynth/ProjetMicJulesSynth.srcs/sources_1/imports/new/i2c_sender.vhd'; using path 'C:/Users/jules/Desktop/Travail/VHDL_Master_Camp/project_David-fpga/project_David-fpga.srcs/sources_1/imports/new/i2c_sender.vhd' instead.
WARNING: [Project 1-312] File not found as 'C:/Users/jules/Desktop/Travail/VHDL_Master_Camp/ProjetMicJulesSynth/ProjetMicJulesSynth.srcs/sources_1/imports/new/ov7670_capture.vhd'; using path 'C:/Users/jules/Desktop/Travail/VHDL_Master_Camp/project_David-fpga/project_David-fpga.srcs/sources_1/imports/new/ov7670_capture.vhd' instead.
WARNING: [Project 1-312] File not found as 'C:/Users/jules/Desktop/Travail/VHDL_Master_Camp/ProjetMicJulesSynth/ProjetMicJulesSynth.srcs/sources_1/imports/new/ov7670_controller.vhd'; using path 'C:/Users/jules/Desktop/Travail/VHDL_Master_Camp/project_David-fpga/project_David-fpga.srcs/sources_1/imports/new/ov7670_controller.vhd' instead.
WARNING: [Project 1-312] File not found as 'C:/Users/jules/Desktop/Travail/VHDL_Master_Camp/ProjetMicJulesSynth/ProjetMicJulesSynth.srcs/sources_1/imports/new/ov7670_registers.vhd'; using path 'C:/Users/jules/Desktop/Travail/VHDL_Master_Camp/project_David-fpga/project_David-fpga.srcs/sources_1/imports/new/ov7670_registers.vhd' instead.
WARNING: [Project 1-312] File not found as 'C:/Users/jules/Desktop/Travail/VHDL_Master_Camp/ProjetMicJulesSynth/ProjetMicJulesSynth.srcs/sources_1/imports/new/vga.vhd'; using path 'C:/Users/jules/Desktop/Travail/VHDL_Master_Camp/project_David-fpga/project_David-fpga.srcs/sources_1/imports/new/vga.vhd' instead.
WARNING: [Project 1-312] File not found as 'C:/Users/jules/Desktop/Travail/VHDL_Master_Camp/ProjetMicJulesSynth/ProjetMicJulesSynth.srcs/sources_1/imports/new/top_level.vhd'; using path 'C:/Users/jules/Desktop/Travail/VHDL_Master_Camp/project_David-fpga/project_David-fpga.srcs/sources_1/imports/new/top_level.vhd' instead.
WARNING: [Project 1-312] File not found as 'C:/Users/jules/Desktop/Travail/VHDL_Master_Camp/ProjetMicJulesSynth/ProjetMicJulesSynth.srcs/sources_1/imports/new/i3c2.vhd'; using path 'C:/Users/jules/Desktop/Travail/VHDL_Master_Camp/project_David-fpga/project_David-fpga.srcs/sources_1/imports/new/i3c2.vhd' instead.
INFO: [IP_Flow 19-234] Refreshing IP repositories
INFO: [IP_Flow 19-1704] No user IP repositories specified
INFO: [IP_Flow 19-2313] Loaded Vivado IP repository 'D:/Vivado/2022.1/data/ip'.
open_project: Time (s): cpu = 00:00:18 ; elapsed = 00:00:08 . Memory (MB): peak = 1656.082 ; gain = 0.000
update_compile_order -fileset sources_1
export_ip_user_files -of_objects  [get_files C:/Users/jules/Desktop/Travail/VHDL_Master_Camp/project_David-fpga/project_David-fpga.srcs/sources_1/imports/new/top_level.vhd] -no_script -reset -force -quiet
export_ip_user_files -of_objects  [get_files C:/Users/jules/Desktop/Travail/VHDL_Master_Camp/project_David-fpga/project_David-fpga.srcs/sources_1/imports/new/clocking.vhd] -no_script -reset -force -quiet
export_ip_user_files -of_objects  [get_files C:/Users/jules/Desktop/Travail/VHDL_Master_Camp/project_David-fpga/project_David-fpga.srcs/sources_1/imports/new/vga.vhd] -no_script -reset -force -quiet
export_ip_user_files -of_objects  [get_files C:/Users/jules/Desktop/Travail/VHDL_Master_Camp/project_David-fpga/project_David-fpga.srcs/sources_1/imports/new/debounce.vhd] -no_script -reset -force -quiet
export_ip_user_files -of_objects  [get_files C:/Users/jules/Desktop/Travail/VHDL_Master_Camp/project_David-fpga/project_David-fpga.srcs/sources_1/imports/new/ov7670_controller.vhd] -no_script -reset -force -quiet
export_ip_user_files -of_objects  [get_files C:/Users/jules/Desktop/Travail/VHDL_Master_Camp/project_David-fpga/project_David-fpga.srcs/sources_1/imports/new/i2c_sender.vhd] -no_script -reset -force -quiet
export_ip_user_files -of_objects  [get_files C:/Users/jules/Desktop/Travail/VHDL_Master_Camp/project_David-fpga/project_David-fpga.srcs/sources_1/imports/new/ov7670_registers.vhd] -no_script -reset -force -quiet
export_ip_user_files -of_objects  [get_files C:/Users/jules/Desktop/Travail/VHDL_Master_Camp/project_David-fpga/project_David-fpga.srcs/sources_1/imports/new/ov7670_capture.vhd] -no_script -reset -force -quiet
export_ip_user_files -of_objects  [get_files C:/Users/jules/Desktop/Travail/VHDL_Master_Camp/project_David-fpga/project_David-fpga.srcs/sources_1/imports/new/RGB.vhd] -no_script -reset -force -quiet
export_ip_user_files -of_objects  [get_files C:/Users/jules/Desktop/Travail/VHDL_Master_Camp/project_David-fpga/project_David-fpga.srcs/sources_1/imports/new/address_Generator.vhd] -no_script -reset -force -quiet
export_ip_user_files -of_objects  [get_files C:/Users/jules/Downloads/basys3_ov7670_v1/basys3_ov7670_v1/basys3_ov7670_v1.srcs/sources_1/ip/frame_buffer/frame_buffer.xci] -no_script -reset -force -quiet
export_ip_user_files -of_objects  [get_files C:/Users/jules/Desktop/Travail/VHDL_Master_Camp/project_David-fpga/project_David-fpga.srcs/sources_1/imports/new/i3c2.vhd] -no_script -reset -force -quiet
remove_files  {C:/Users/jules/Desktop/Travail/VHDL_Master_Camp/project_David-fpga/project_David-fpga.srcs/sources_1/imports/new/top_level.vhd C:/Users/jules/Desktop/Travail/VHDL_Master_Camp/project_David-fpga/project_David-fpga.srcs/sources_1/imports/new/clocking.vhd C:/Users/jules/Desktop/Travail/VHDL_Master_Camp/project_David-fpga/project_David-fpga.srcs/sources_1/imports/new/vga.vhd C:/Users/jules/Desktop/Travail/VHDL_Master_Camp/project_David-fpga/project_David-fpga.srcs/sources_1/imports/new/debounce.vhd C:/Users/jules/Desktop/Travail/VHDL_Master_Camp/project_David-fpga/project_David-fpga.srcs/sources_1/imports/new/ov7670_controller.vhd C:/Users/jules/Desktop/Travail/VHDL_Master_Camp/project_David-fpga/project_David-fpga.srcs/sources_1/imports/new/i2c_sender.vhd C:/Users/jules/Desktop/Travail/VHDL_Master_Camp/project_David-fpga/project_David-fpga.srcs/sources_1/imports/new/ov7670_registers.vhd C:/Users/jules/Desktop/Travail/VHDL_Master_Camp/project_David-fpga/project_David-fpga.srcs/sources_1/imports/new/ov7670_capture.vhd C:/Users/jules/Desktop/Travail/VHDL_Master_Camp/project_David-fpga/project_David-fpga.srcs/sources_1/imports/new/RGB.vhd C:/Users/jules/Desktop/Travail/VHDL_Master_Camp/project_David-fpga/project_David-fpga.srcs/sources_1/imports/new/address_Generator.vhd C:/Users/jules/Downloads/basys3_ov7670_v1/basys3_ov7670_v1/basys3_ov7670_v1.srcs/sources_1/ip/frame_buffer/frame_buffer.xci C:/Users/jules/Desktop/Travail/VHDL_Master_Camp/project_David-fpga/project_David-fpga.srcs/sources_1/imports/new/i3c2.vhd}
reset_run synth_1
INFO: [Project 1-1160] Copying file C:/Users/jules/Desktop/Travail/VHDL_Master_Camp/ProjetMicJulesSynth/ProjetMicJulesSynth.runs/synth_1/TopLevelControlAlgo.dcp to C:/Users/jules/Desktop/project_David-fpga/project_David-fpga.srcs/utils_1/imports/synth_1 and adding it to utils fileset
launch_runs synth_1 -jobs 6
[Wed Jul  6 11:25:26 2022] Launched synth_1...
Run output will be captured here: C:/Users/jules/Desktop/Travail/VHDL_Master_Camp/ProjetMicJulesSynth/ProjetMicJulesSynth.runs/synth_1/runme.log
launch_runs impl_1 -jobs 6
[Wed Jul  6 11:27:46 2022] Launched impl_1...
Run output will be captured here: C:/Users/jules/Desktop/Travail/VHDL_Master_Camp/ProjetMicJulesSynth/ProjetMicJulesSynth.runs/impl_1/runme.log
reset_run synth_1
INFO: [Project 1-1161] Replacing file C:/Users/jules/Desktop/project_David-fpga/project_David-fpga.srcs/utils_1/imports/synth_1/TopLevelControlAlgo.dcp with file C:/Users/jules/Desktop/Travail/VHDL_Master_Camp/ProjetMicJulesSynth/ProjetMicJulesSynth.runs/synth_1/TopLevelControlAlgo.dcp
launch_runs synth_1 -jobs 6
[Wed Jul  6 11:31:53 2022] Launched synth_1...
Run output will be captured here: C:/Users/jules/Desktop/Travail/VHDL_Master_Camp/ProjetMicJulesSynth/ProjetMicJulesSynth.runs/synth_1/runme.log
reset_run synth_1
INFO: [Project 1-1161] Replacing file C:/Users/jules/Desktop/project_David-fpga/project_David-fpga.srcs/utils_1/imports/synth_1/TopLevelControlAlgo.dcp with file C:/Users/jules/Desktop/Travail/VHDL_Master_Camp/ProjetMicJulesSynth/ProjetMicJulesSynth.runs/synth_1/TopLevelControlAlgo.dcp
launch_runs impl_1 -jobs 6
[Wed Jul  6 11:33:44 2022] Launched synth_1...
Run output will be captured here: C:/Users/jules/Desktop/Travail/VHDL_Master_Camp/ProjetMicJulesSynth/ProjetMicJulesSynth.runs/synth_1/runme.log
[Wed Jul  6 11:33:45 2022] Launched impl_1...
Run output will be captured here: C:/Users/jules/Desktop/Travail/VHDL_Master_Camp/ProjetMicJulesSynth/ProjetMicJulesSynth.runs/impl_1/runme.log
launch_runs impl_1 -to_step write_bitstream -jobs 6
[Wed Jul  6 11:37:03 2022] Launched impl_1...
Run output will be captured here: C:/Users/jules/Desktop/Travail/VHDL_Master_Camp/ProjetMicJulesSynth/ProjetMicJulesSynth.runs/impl_1/runme.log
reset_run impl_1 -prev_step 
launch_runs impl_1 -to_step write_bitstream -jobs 6
[Wed Jul  6 11:42:58 2022] Launched impl_1...
Run output will be captured here: C:/Users/jules/Desktop/Travail/VHDL_Master_Camp/ProjetMicJulesSynth/ProjetMicJulesSynth.runs/impl_1/runme.log
open_hw_manager
connect_hw_server -allow_non_jtag
INFO: [Labtools 27-2285] Connecting to hw_server url TCP:localhost:3121
INFO: [Labtools 27-2222] Launching hw_server...
INFO: [Labtools 27-2221] Launch Output:

****** Xilinx hw_server v2022.1
  **** Build date : Apr 18 2022 at 16:02:36
    ** Copyright 1986-2022 Xilinx, Inc. All Rights Reserved.


INFO: [Labtools 27-3415] Connecting to cs_server url TCP:localhost:3042
INFO: [Labtools 27-3417] Launching cs_server...
INFO: [Labtools 27-2221] Launch Output:


******** Xilinx cs_server v2022.1.0
  ****** Build date   : Apr 12 2022-21:12:08
    **** Build number : 2022.1.1649790728
      ** Copyright 2017-2022 Xilinx, Inc. All Rights Reserved.



connect_hw_server: Time (s): cpu = 00:00:01 ; elapsed = 00:00:11 . Memory (MB): peak = 1656.082 ; gain = 0.000
reset_run synth_1
INFO: [Project 1-1161] Replacing file C:/Users/jules/Desktop/project_David-fpga/project_David-fpga.srcs/utils_1/imports/synth_1/TopLevelControlAlgo.dcp with file C:/Users/jules/Desktop/Travail/VHDL_Master_Camp/ProjetMicJulesSynth/ProjetMicJulesSynth.runs/synth_1/TopLevelControlAlgo.dcp
launch_runs synth_1 -jobs 6
[Wed Jul  6 11:46:28 2022] Launched synth_1...
Run output will be captured here: C:/Users/jules/Desktop/Travail/VHDL_Master_Camp/ProjetMicJulesSynth/ProjetMicJulesSynth.runs/synth_1/runme.log
launch_runs impl_1 -jobs 6
[Wed Jul  6 11:47:27 2022] Launched impl_1...
Run output will be captured here: C:/Users/jules/Desktop/Travail/VHDL_Master_Camp/ProjetMicJulesSynth/ProjetMicJulesSynth.runs/impl_1/runme.log
open_run impl_1
INFO: [Device 21-403] Loading part xc7vx485tffg1157-1
Netlist sorting complete. Time (s): cpu = 00:00:00 ; elapsed = 00:00:00 . Memory (MB): peak = 2044.371 ; gain = 0.000
INFO: [Project 1-479] Netlist was created with Vivado 2022.1
INFO: [Project 1-570] Preparing netlist for logic optimization
INFO: [Timing 38-478] Restoring timing data from binary archive.
INFO: [Timing 38-479] Binary timing data restore complete.
INFO: [Project 1-856] Restoring constraints from binary archive.
INFO: [Project 1-853] Binary constraint restore complete.
Reading XDEF placement.
Reading placer database...
Reading XDEF routing.
Read XDEF Files: Time (s): cpu = 00:00:00 ; elapsed = 00:00:00.063 . Memory (MB): peak = 2840.492 ; gain = 0.000
Restored from archive | CPU: 0.000000 secs | Memory: 0.000000 MB |
Finished XDEF File Restore: Time (s): cpu = 00:00:00 ; elapsed = 00:00:00.063 . Memory (MB): peak = 2840.492 ; gain = 0.000
Netlist sorting complete. Time (s): cpu = 00:00:00 ; elapsed = 00:00:00 . Memory (MB): peak = 2840.492 ; gain = 0.000
INFO: [Project 1-111] Unisim Transformation Summary:
No Unisim elements were transformed.

open_run: Time (s): cpu = 00:00:29 ; elapsed = 00:00:27 . Memory (MB): peak = 3026.184 ; gain = 1370.102
WARNING: [Timing 38-313] There are no user specified timing constraints. Timing constraints are needed for proper timing analysis.
launch_runs impl_1 -to_step write_bitstream -jobs 6
[Wed Jul  6 11:56:11 2022] Launched impl_1...
Run output will be captured here: C:/Users/jules/Desktop/Travail/VHDL_Master_Camp/ProjetMicJulesSynth/ProjetMicJulesSynth.runs/impl_1/runme.log
disconnect_hw_server localhost:3121
connect_hw_server -allow_non_jtag
INFO: [Labtools 27-2285] Connecting to hw_server url TCP:localhost:3121
INFO: [Labtools 27-3415] Connecting to cs_server url TCP:localhost:3042
INFO: [Labtools 27-3414] Connected to existing cs_server.
disconnect_hw_server localhost:3121
connect_hw_server -allow_non_jtag
INFO: [Labtools 27-2285] Connecting to hw_server url TCP:localhost:3121
INFO: [Labtools 27-3415] Connecting to cs_server url TCP:localhost:3042
INFO: [Labtools 27-3414] Connected to existing cs_server.
open_hw_target
INFO: [Labtoolstcl 44-466] Opening hw_target localhost:3121/xilinx_tcf/Digilent/210276A79557B
open_hw_target: Time (s): cpu = 00:00:06 ; elapsed = 00:00:07 . Memory (MB): peak = 5454.387 ; gain = 1937.375
current_hw_device [get_hw_devices xc7a200t_0]
refresh_hw_device -update_hw_probes false [lindex [get_hw_devices xc7a200t_0] 0]
INFO: [Labtools 27-1435] Device xc7a200t (JTAG device index = 0) is not programmed (DONE status = 0).
reset_run impl_1 -prev_step 
launch_runs impl_1 -to_step write_bitstream -jobs 6
[Wed Jul  6 12:01:19 2022] Launched impl_1...
Run output will be captured here: C:/Users/jules/Desktop/Travail/VHDL_Master_Camp/ProjetMicJulesSynth/ProjetMicJulesSynth.runs/impl_1/runme.log
create_hw_cfgmem -hw_device [lindex [get_hw_devices xc7a200t_0] 0] [lindex [get_cfgmem_parts {28f00ap33e-bpi-x16}] 0]
set_property PROGRAM.BLANK_CHECK  0 [ get_property PROGRAM.HW_CFGMEM [lindex [get_hw_devices xc7a200t_0] 0]]
set_property PROGRAM.ERASE  1 [ get_property PROGRAM.HW_CFGMEM [lindex [get_hw_devices xc7a200t_0] 0]]
set_property PROGRAM.CFG_PROGRAM  1 [ get_property PROGRAM.HW_CFGMEM [lindex [get_hw_devices xc7a200t_0] 0]]
set_property PROGRAM.VERIFY  1 [ get_property PROGRAM.HW_CFGMEM [lindex [get_hw_devices xc7a200t_0] 0]]
set_property PROGRAM.CHECKSUM  0 [ get_property PROGRAM.HW_CFGMEM [lindex [get_hw_devices xc7a200t_0] 0]]
refresh_hw_device [lindex [get_hw_devices xc7a200t_0] 0]
INFO: [Labtools 27-1435] Device xc7a200t (JTAG device index = 0) is not programmed (DONE status = 0).
close_hw_manager
reset_run impl_1 -prev_step 
launch_runs impl_1 -to_step write_bitstream -jobs 6
[Wed Jul  6 12:34:55 2022] Launched impl_1...
Run output will be captured here: C:/Users/jules/Desktop/Travail/VHDL_Master_Camp/ProjetMicJulesSynth/ProjetMicJulesSynth.runs/impl_1/runme.log
